Removed Pin From Net: NetName=NetC4_1 Pin=U2-1
Removed Pin From Net: NetName=NetR10_1 Pin=U2-2
Removed Pin From Net: NetName=NetC8_2 Pin=U2-3
Removed Pin From Net: NetName=GND Pin=U2-5
Removed Pin From Net: NetName=NetR2_2 Pin=U2-6
Removed Pin From Net: NetName=NetC3_1 Pin=U2-7
Removed Pin From Net: NetName=Vo3 Pin=U3-1
Removed Pin From Net: NetName=NetR12_1 Pin=U3-2
Removed Pin From Net: NetName=NetC7_1 Pin=U3-3
Removed Pin From Net: NetName=VCC Pin=U3-4
Removed Pin From Net: NetName=VEE Pin=U3-11
Removed Pin From Net: NetName=Vout Pin=U4-1
Removed Pin From Net: NetName=Vout Pin=U4-2
Removed Pin From Net: NetName=NetC10_1 Pin=U4-3
Removed Pin From Net: NetName=VCC Pin=U4-4
Removed Pin From Net: NetName=VEE Pin=U4-11
Removed Member From Class: ClassName=Sheet1 Member=U3
Removed Member From Class: ClassName=Sheet1 Member=U4
Added Pin To Net: NetName=NetC3_1 Pin=U2-1
Added Pin To Net: NetName=NetR2_2 Pin=U2-2
Added Pin To Net: NetName=GND Pin=U2-3
Added Pin To Net: NetName=NetC8_2 Pin=U2-5
Added Pin To Net: NetName=NetR10_1 Pin=U2-6
Added Pin To Net: NetName=NetC4_1 Pin=U2-7
Added Pin To Net: NetName=Vo3 Pin=U2-8
Added Pin To Net: NetName=NetR12_1 Pin=U2-9
Added Pin To Net: NetName=NetC7_1 Pin=U2-10
Added Pin To Net: NetName=NetC10_1 Pin=U2-12
Added Pin To Net: NetName=Vout Pin=U2-13
Added Pin To Net: NetName=Vout Pin=U2-14
